<?xml version="1.0" encoding="utf-8"?><testsuites name="pytest tests"><testsuite name="pytest" errors="0" failures="17" skipped="0" tests="27" time="5.012" timestamp="2026-02-14T13:43:51.925969+00:00" hostname="agent-env-df13427f-0cb9-4315-a977-fd9fb34b100d"><testcase classname="tests.test_admin_panel.TestAdminAuthentication" name="test_admin_login_success" time="0.647" /><testcase classname="tests.test_admin_panel.TestAdminAuthentication" name="test_admin_login_wrong_password" time="0.355" /><testcase classname="tests.test_admin_panel.TestAdminAuthentication" name="test_get_admin_user_info" time="0.110"><failure message="AssertionError: Get me failed: {&quot;detail&quot;:&quot;Invalid session&quot;}&#10;assert 401 == 200&#10; +  where 401 = &lt;Response [401]&gt;.status_code">tests/test_admin_panel.py:159: in test_get_admin_user_info
    assert response.status_code == 200, f"Get me failed: {response.text}"
E   AssertionError: Get me failed: {"detail":"Invalid session"}
E   assert 401 == 200
E    +  where 401 = &lt;Response [401]&gt;.status_code</failure></testcase><testcase classname="tests.test_admin_panel.TestAdminAccessControl" name="test_regular_user_denied_admin_pincodes" time="0.442" /><testcase classname="tests.test_admin_panel.TestAdminAccessControl" name="test_regular_user_denied_admin_gst" time="0.148" /><testcase classname="tests.test_admin_panel.TestAdminAccessControl" name="test_regular_user_denied_admin_banners" time="0.151" /><testcase classname="tests.test_admin_panel.TestAdminAccessControl" name="test_unauthenticated_denied_admin_routes" time="0.161" /><testcase classname="tests.test_admin_panel.TestAdminOrders" name="test_get_all_orders" time="0.148"><failure message="AssertionError: Get orders failed: {&quot;detail&quot;:&quot;Invalid session&quot;}&#10;assert 401 == 200&#10; +  where 401 = &lt;Response [401]&gt;.status_code">tests/test_admin_panel.py:204: in test_get_all_orders
    assert response.status_code == 200, f"Get orders failed: {response.text}"
E   AssertionError: Get orders failed: {"detail":"Invalid session"}
E   assert 401 == 200
E    +  where 401 = &lt;Response [401]&gt;.status_code</failure></testcase><testcase classname="tests.test_admin_panel.TestAdminOrders" name="test_filter_orders_by_status" time="0.150"><failure message="AssertionError: Filter orders failed: {&quot;detail&quot;:&quot;Invalid session&quot;}&#10;assert 401 == 200&#10; +  where 401 = &lt;Response [401]&gt;.status_code">tests/test_admin_panel.py:213: in test_filter_orders_by_status
    assert response.status_code == 200, f"Filter orders failed: {response.text}"
E   AssertionError: Filter orders failed: {"detail":"Invalid session"}
E   assert 401 == 200
E    +  where 401 = &lt;Response [401]&gt;.status_code</failure></testcase><testcase classname="tests.test_admin_panel.TestAdminOrders" name="test_update_order_status" time="0.165"><failure message="AssertionError: Get orders failed: {&quot;detail&quot;:&quot;Invalid session&quot;}&#10;assert 401 == 200&#10; +  where 401 = &lt;Response [401]&gt;.status_code">tests/test_admin_panel.py:226: in test_update_order_status
    assert orders_resp.status_code == 200, f"Get orders failed: {orders_resp.text}"
E   AssertionError: Get orders failed: {"detail":"Invalid session"}
E   assert 401 == 200
E    +  where 401 = &lt;Response [401]&gt;.status_code</failure></testcase><testcase classname="tests.test_admin_panel.TestAdminProducts" name="test_get_all_products" time="0.128" /><testcase classname="tests.test_admin_panel.TestAdminProducts" name="test_create_product" time="0.181"><failure message="AssertionError: Create product failed: {&quot;detail&quot;:&quot;Invalid session&quot;}&#10;assert 401 in [200, 201]&#10; +  where 401 = &lt;Response [401]&gt;.status_code">tests/test_admin_panel.py:289: in test_create_product
    assert response.status_code in [200, 201], f"Create product failed: {response.text}"
E   AssertionError: Create product failed: {"detail":"Invalid session"}
E   assert 401 in [200, 201]
E    +  where 401 = &lt;Response [401]&gt;.status_code</failure></testcase><testcase classname="tests.test_admin_panel.TestAdminProducts" name="test_update_product" time="0.192"><failure message="AssertionError: Update product failed: {&quot;detail&quot;:&quot;Invalid session&quot;}&#10;assert 401 == 200&#10; +  where 401 = &lt;Response [401]&gt;.status_code">tests/test_admin_panel.py:328: in test_update_product
    assert update_resp.status_code == 200, f"Update product failed: {update_resp.text}"
E   AssertionError: Update product failed: {"detail":"Invalid session"}
E   assert 401 == 200
E    +  where 401 = &lt;Response [401]&gt;.status_code</failure></testcase><testcase classname="tests.test_admin_panel.TestAdminCategories" name="test_get_all_categories" time="0.118" /><testcase classname="tests.test_admin_panel.TestAdminCategories" name="test_create_and_delete_category" time="0.147"><failure message="AssertionError: Create category failed: {&quot;detail&quot;:&quot;Invalid session&quot;}&#10;assert 401 in [200, 201]&#10; +  where 401 = &lt;Response [401]&gt;.status_code">tests/test_admin_panel.py:370: in test_create_and_delete_category
    assert create_resp.status_code in [200, 201], f"Create category failed: {create_resp.text}"
E   AssertionError: Create category failed: {"detail":"Invalid session"}
E   assert 401 in [200, 201]
E    +  where 401 = &lt;Response [401]&gt;.status_code</failure></testcase><testcase classname="tests.test_admin_panel.TestAdminPincodes" name="test_get_all_pincodes" time="0.123"><failure message="AssertionError: Get pincodes failed: {&quot;detail&quot;:&quot;Invalid session&quot;}&#10;assert 401 == 200&#10; +  where 401 = &lt;Response [401]&gt;.status_code">tests/test_admin_panel.py:394: in test_get_all_pincodes
    assert response.status_code == 200, f"Get pincodes failed: {response.text}"
E   AssertionError: Get pincodes failed: {"detail":"Invalid session"}
E   assert 401 == 200
E    +  where 401 = &lt;Response [401]&gt;.status_code</failure></testcase><testcase classname="tests.test_admin_panel.TestAdminPincodes" name="test_create_and_delete_pincode" time="0.111"><failure message="AssertionError: Create pincode failed: {&quot;detail&quot;:&quot;Invalid session&quot;}&#10;assert 401 in [200, 201]&#10; +  where 401 = &lt;Response [401]&gt;.status_code">tests/test_admin_panel.py:412: in test_create_and_delete_pincode
    assert create_resp.status_code in [200, 201], f"Create pincode failed: {create_resp.text}"
E   AssertionError: Create pincode failed: {"detail":"Invalid session"}
E   assert 401 in [200, 201]
E    +  where 401 = &lt;Response [401]&gt;.status_code</failure></testcase><testcase classname="tests.test_admin_panel.TestAdminPincodes" name="test_update_pincode" time="0.109"><failure message="assert 401 == 200&#10; +  where 401 = &lt;Response [401]&gt;.status_code">tests/test_admin_panel.py:431: in test_update_pincode
    assert pincodes_resp.status_code == 200
E   assert 401 == 200
E    +  where 401 = &lt;Response [401]&gt;.status_code</failure></testcase><testcase classname="tests.test_admin_panel.TestAdminGST" name="test_get_gst_settings" time="0.112"><failure message="AssertionError: Get GST failed: {&quot;detail&quot;:&quot;Invalid session&quot;}&#10;assert 401 == 200&#10; +  where 401 = &lt;Response [401]&gt;.status_code">tests/test_admin_panel.py:471: in test_get_gst_settings
    assert response.status_code == 200, f"Get GST failed: {response.text}"
E   AssertionError: Get GST failed: {"detail":"Invalid session"}
E   assert 401 == 200
E    +  where 401 = &lt;Response [401]&gt;.status_code</failure></testcase><testcase classname="tests.test_admin_panel.TestAdminGST" name="test_update_gst_settings" time="0.119"><failure message="AssertionError: Get GST failed: {&quot;detail&quot;:&quot;Invalid session&quot;}&#10;assert 401 == 200&#10; +  where 401 = &lt;Response [401]&gt;.status_code">tests/test_admin_panel.py:483: in test_update_gst_settings
    assert get_resp.status_code == 200, f"Get GST failed: {get_resp.text}"
E   AssertionError: Get GST failed: {"detail":"Invalid session"}
E   assert 401 == 200
E    +  where 401 = &lt;Response [401]&gt;.status_code</failure></testcase><testcase classname="tests.test_admin_panel.TestAdminBanners" name="test_get_all_banners" time="0.135"><failure message="AssertionError: Get banners failed: {&quot;detail&quot;:&quot;Invalid session&quot;}&#10;assert 401 == 200&#10; +  where 401 = &lt;Response [401]&gt;.status_code">tests/test_admin_panel.py:511: in test_get_all_banners
    assert response.status_code == 200, f"Get banners failed: {response.text}"
E   AssertionError: Get banners failed: {"detail":"Invalid session"}
E   assert 401 == 200
E    +  where 401 = &lt;Response [401]&gt;.status_code</failure></testcase><testcase classname="tests.test_admin_panel.TestAdminBanners" name="test_create_and_delete_banner" time="0.134"><failure message="AssertionError: Create banner failed: {&quot;detail&quot;:&quot;Invalid session&quot;}&#10;assert 401 in [200, 201]&#10; +  where 401 = &lt;Response [401]&gt;.status_code">tests/test_admin_panel.py:530: in test_create_and_delete_banner
    assert create_resp.status_code in [200, 201], f"Create banner failed: {create_resp.text}"
E   AssertionError: Create banner failed: {"detail":"Invalid session"}
E   assert 401 in [200, 201]
E    +  where 401 = &lt;Response [401]&gt;.status_code</failure></testcase><testcase classname="tests.test_admin_panel.TestAdminPopups" name="test_get_all_popups" time="0.115"><failure message="AssertionError: Get popups failed: {&quot;detail&quot;:&quot;Invalid session&quot;}&#10;assert 401 == 200&#10; +  where 401 = &lt;Response [401]&gt;.status_code">tests/test_admin_panel.py:554: in test_get_all_popups
    assert response.status_code == 200, f"Get popups failed: {response.text}"
E   AssertionError: Get popups failed: {"detail":"Invalid session"}
E   assert 401 == 200
E    +  where 401 = &lt;Response [401]&gt;.status_code</failure></testcase><testcase classname="tests.test_admin_panel.TestAdminPopups" name="test_create_and_delete_popup" time="0.152"><failure message="AssertionError: Create popup failed: {&quot;detail&quot;:&quot;Invalid session&quot;}&#10;assert 401 in [200, 201]&#10; +  where 401 = &lt;Response [401]&gt;.status_code">tests/test_admin_panel.py:575: in test_create_and_delete_popup
    assert create_resp.status_code in [200, 201], f"Create popup failed: {create_resp.text}"
E   AssertionError: Create popup failed: {"detail":"Invalid session"}
E   assert 401 in [200, 201]
E    +  where 401 = &lt;Response [401]&gt;.status_code</failure></testcase><testcase classname="tests.test_admin_panel.TestAdminReturns" name="test_get_all_returns" time="0.122"><failure message="AssertionError: Get returns failed: {&quot;detail&quot;:&quot;Invalid session&quot;}&#10;assert 401 == 200&#10; +  where 401 = &lt;Response [401]&gt;.status_code">tests/test_admin_panel.py:599: in test_get_all_returns
    assert response.status_code == 200, f"Get returns failed: {response.text}"
E   AssertionError: Get returns failed: {"detail":"Invalid session"}
E   assert 401 == 200
E    +  where 401 = &lt;Response [401]&gt;.status_code</failure></testcase><testcase classname="tests.test_admin_panel.TestPublicEndpoints" name="test_public_banners" time="0.115" /><testcase classname="tests.test_admin_panel.TestPublicEndpoints" name="test_public_gst" time="0.122" /></testsuite></testsuites>