<?xml version="1.0" encoding="utf-8"?><testsuites name="pytest tests"><testsuite name="pytest" errors="0" failures="0" skipped="0" tests="18" time="10.142" timestamp="2026-02-14T19:23:53.907171+00:00" hostname="agent-env-e89d6cca-307a-466b-aa25-6abb8cb5e66b"><testcase classname="backend.tests.test_admin_enhancements.TestSizesAPI" name="test_get_all_sizes_public" time="0.558" /><testcase classname="backend.tests.test_admin_enhancements.TestSizesAPI" name="test_get_all_sizes_admin" time="0.534" /><testcase classname="backend.tests.test_admin_enhancements.TestSizesAPI" name="test_create_new_size" time="0.505" /><testcase classname="backend.tests.test_admin_enhancements.TestSizesAPI" name="test_create_duplicate_size_fails" time="0.576" /><testcase classname="backend.tests.test_admin_enhancements.TestSizesAPI" name="test_update_size" time="0.603" /><testcase classname="backend.tests.test_admin_enhancements.TestSizesAPI" name="test_toggle_size_active" time="0.792" /><testcase classname="backend.tests.test_admin_enhancements.TestSizesAPI" name="test_delete_size" time="0.515" /><testcase classname="backend.tests.test_admin_enhancements.TestSizesAPI" name="test_delete_used_size_fails" time="0.509" /><testcase classname="backend.tests.test_admin_enhancements.TestUploadAPI" name="test_banner_image_upload" time="0.552" /><testcase classname="backend.tests.test_admin_enhancements.TestUploadAPI" name="test_banner_image_invalid_type" time="0.471" /><testcase classname="backend.tests.test_admin_enhancements.TestUploadAPI" name="test_popup_image_upload" time="0.445" /><testcase classname="backend.tests.test_admin_enhancements.TestUploadAPI" name="test_popup_image_invalid_type" time="0.437" /><testcase classname="backend.tests.test_admin_enhancements.TestUploadAPI" name="test_size_chart_pdf_upload" time="0.780" /><testcase classname="backend.tests.test_admin_enhancements.TestUploadAPI" name="test_size_chart_rejects_non_pdf" time="0.433" /><testcase classname="backend.tests.test_admin_enhancements.TestUploadAPI" name="test_serve_uploaded_banner" time="0.633" /><testcase classname="backend.tests.test_admin_enhancements.TestUploadAPI" name="test_serve_uploaded_size_chart" time="0.712" /><testcase classname="backend.tests.test_admin_enhancements.TestProductSizeChart" name="test_product_with_size_chart_field" time="0.464" /><testcase classname="backend.tests.test_admin_enhancements.TestProductSizeChart" name="test_product_shows_dynamic_sizes" time="0.564" /></testsuite></testsuites>