<?xml version="1.0" encoding="utf-8"?><testsuites name="pytest tests"><testsuite name="pytest" errors="0" failures="0" skipped="0" tests="27" time="5.336" timestamp="2026-02-14T13:47:04.829216+00:00" hostname="agent-env-df13427f-0cb9-4315-a977-fd9fb34b100d"><testcase classname="tests.test_admin_panel.TestAdminAuthentication" name="test_admin_login_success" time="0.456" /><testcase classname="tests.test_admin_panel.TestAdminAuthentication" name="test_admin_login_wrong_password" time="0.356" /><testcase classname="tests.test_admin_panel.TestAdminAuthentication" name="test_get_admin_user_info" time="0.195" /><testcase classname="tests.test_admin_panel.TestAdminAccessControl" name="test_regular_user_denied_admin_pincodes" time="0.117" /><testcase classname="tests.test_admin_panel.TestAdminAccessControl" name="test_regular_user_denied_admin_gst" time="0.152" /><testcase classname="tests.test_admin_panel.TestAdminAccessControl" name="test_regular_user_denied_admin_banners" time="0.103" /><testcase classname="tests.test_admin_panel.TestAdminAccessControl" name="test_unauthenticated_denied_admin_routes" time="0.100" /><testcase classname="tests.test_admin_panel.TestAdminOrders" name="test_get_all_orders" time="0.104" /><testcase classname="tests.test_admin_panel.TestAdminOrders" name="test_filter_orders_by_status" time="0.114" /><testcase classname="tests.test_admin_panel.TestAdminOrders" name="test_update_order_status" time="0.263" /><testcase classname="tests.test_admin_panel.TestAdminProducts" name="test_get_all_products" time="0.107" /><testcase classname="tests.test_admin_panel.TestAdminProducts" name="test_create_product" time="0.218" /><testcase classname="tests.test_admin_panel.TestAdminProducts" name="test_update_product" time="0.222" /><testcase classname="tests.test_admin_panel.TestAdminCategories" name="test_get_all_categories" time="0.122" /><testcase classname="tests.test_admin_panel.TestAdminCategories" name="test_create_and_delete_category" time="0.225" /><testcase classname="tests.test_admin_panel.TestAdminPincodes" name="test_get_all_pincodes" time="0.134" /><testcase classname="tests.test_admin_panel.TestAdminPincodes" name="test_create_and_delete_pincode" time="0.240" /><testcase classname="tests.test_admin_panel.TestAdminPincodes" name="test_update_pincode" time="0.208" /><testcase classname="tests.test_admin_panel.TestAdminGST" name="test_get_gst_settings" time="0.137" /><testcase classname="tests.test_admin_panel.TestAdminGST" name="test_update_gst_settings" time="0.306" /><testcase classname="tests.test_admin_panel.TestAdminBanners" name="test_get_all_banners" time="0.118" /><testcase classname="tests.test_admin_panel.TestAdminBanners" name="test_create_and_delete_banner" time="0.257" /><testcase classname="tests.test_admin_panel.TestAdminPopups" name="test_get_all_popups" time="0.107" /><testcase classname="tests.test_admin_panel.TestAdminPopups" name="test_create_and_delete_popup" time="0.285" /><testcase classname="tests.test_admin_panel.TestAdminReturns" name="test_get_all_returns" time="0.108" /><testcase classname="tests.test_admin_panel.TestPublicEndpoints" name="test_public_banners" time="0.369" /><testcase classname="tests.test_admin_panel.TestPublicEndpoints" name="test_public_gst" time="0.134" /></testsuite></testsuites>