<?xml version="1.0" encoding="utf-8"?><testsuites name="pytest tests"><testsuite name="pytest" errors="0" failures="0" skipped="0" tests="23" time="4.118" timestamp="2026-02-14T15:44:40.972748+00:00" hostname="agent-env-19876ac0-cf11-4f38-b19a-97331053508a"><testcase classname="backend.tests.test_coupon_password_flow.TestSetup" name="test_api_health" time="0.290" /><testcase classname="backend.tests.test_coupon_password_flow.TestAdminCouponCRUD" name="test_01_create_percentage_coupon" time="0.636" /><testcase classname="backend.tests.test_coupon_password_flow.TestAdminCouponCRUD" name="test_02_create_fixed_coupon" time="0.064" /><testcase classname="backend.tests.test_coupon_password_flow.TestAdminCouponCRUD" name="test_03_create_expired_coupon" time="0.065" /><testcase classname="backend.tests.test_coupon_password_flow.TestAdminCouponCRUD" name="test_04_create_inactive_coupon" time="0.081" /><testcase classname="backend.tests.test_coupon_password_flow.TestAdminCouponCRUD" name="test_05_create_duplicate_code_fails" time="0.064" /><testcase classname="backend.tests.test_coupon_password_flow.TestAdminCouponCRUD" name="test_06_get_all_coupons" time="0.062" /><testcase classname="backend.tests.test_coupon_password_flow.TestAdminCouponCRUD" name="test_07_get_coupon_details" time="0.132" /><testcase classname="backend.tests.test_coupon_password_flow.TestAdminCouponCRUD" name="test_08_update_coupon" time="0.441" /><testcase classname="backend.tests.test_coupon_password_flow.TestAdminCouponCRUD" name="test_09_toggle_coupon_status" time="0.192" /><testcase classname="backend.tests.test_coupon_password_flow.TestCustomerCouponValidation" name="test_01_validate_percentage_coupon" time="0.392" /><testcase classname="backend.tests.test_coupon_password_flow.TestCustomerCouponValidation" name="test_02_validate_percentage_coupon_with_max_cap" time="0.049" /><testcase classname="backend.tests.test_coupon_password_flow.TestCustomerCouponValidation" name="test_03_validate_fixed_coupon" time="0.066" /><testcase classname="backend.tests.test_coupon_password_flow.TestCustomerCouponValidation" name="test_04_validate_min_order_not_met" time="0.070" /><testcase classname="backend.tests.test_coupon_password_flow.TestCustomerCouponValidation" name="test_05_validate_expired_coupon" time="0.060" /><testcase classname="backend.tests.test_coupon_password_flow.TestCustomerCouponValidation" name="test_06_validate_inactive_coupon" time="0.054" /><testcase classname="backend.tests.test_coupon_password_flow.TestCustomerCouponValidation" name="test_07_validate_invalid_code" time="0.053" /><testcase classname="backend.tests.test_coupon_password_flow.TestForgotPasswordFlow" name="test_01_forgot_password_request" time="0.151" /><testcase classname="backend.tests.test_coupon_password_flow.TestForgotPasswordFlow" name="test_02_forgot_password_nonexistent_email" time="0.101" /><testcase classname="backend.tests.test_coupon_password_flow.TestForgotPasswordFlow" name="test_03_verify_invalid_reset_token" time="0.138" /><testcase classname="backend.tests.test_coupon_password_flow.TestForgotPasswordFlow" name="test_04_reset_password_invalid_token" time="0.130" /><testcase classname="backend.tests.test_coupon_password_flow.TestForgotPasswordFlow" name="test_05_reset_password_short_password" time="0.136" /><testcase classname="backend.tests.test_coupon_password_flow.TestCouponCleanup" name="test_delete_test_coupons" time="0.630" /></testsuite></testsuites>