<?xml version="1.0" encoding="utf-8"?><testsuites name="pytest tests"><testsuite name="pytest" errors="0" failures="0" skipped="0" tests="22" time="4.341" timestamp="2026-02-14T16:35:12.222784+00:00" hostname="agent-env-19876ac0-cf11-4f38-b19a-97331053508a"><testcase classname="backend.tests.test_coupon_auto_apply.TestAutoApplyCouponEndpoint" name="test_auto_apply_endpoint_returns_best_coupon" time="0.448" /><testcase classname="backend.tests.test_coupon_auto_apply.TestAutoApplyCouponEndpoint" name="test_auto_apply_with_low_subtotal" time="0.072" /><testcase classname="backend.tests.test_coupon_auto_apply.TestAutoApplyCouponEndpoint" name="test_auto_apply_with_zero_subtotal" time="0.069" /><testcase classname="backend.tests.test_coupon_auto_apply.TestAutoApplyCouponEndpoint" name="test_auto_apply_with_negative_subtotal" time="0.090" /><testcase classname="backend.tests.test_coupon_auto_apply.TestAutoApplyCouponEndpoint" name="test_auto_apply_requires_auth" time="0.146" /><testcase classname="backend.tests.test_coupon_auto_apply.TestManualCouponValidation" name="test_validate_existing_auto_coupon_manually" time="0.069" /><testcase classname="backend.tests.test_coupon_auto_apply.TestManualCouponValidation" name="test_validate_invalid_coupon_code" time="0.077" /><testcase classname="backend.tests.test_coupon_auto_apply.TestManualCouponValidation" name="test_validate_coupon_below_minimum" time="0.083" /><testcase classname="backend.tests.test_coupon_auto_apply.TestPricingOrder" name="test_gst_calculated_on_discounted_subtotal" time="0.410" /><testcase classname="backend.tests.test_coupon_auto_apply.TestPricingOrder" name="test_shipping_tier_based_on_discounted_subtotal" time="0.487" /><testcase classname="backend.tests.test_coupon_auto_apply.TestAdminCouponManagement" name="test_create_coupon_with_auto_apply" time="0.135" /><testcase classname="backend.tests.test_coupon_auto_apply.TestAdminCouponManagement" name="test_create_manual_coupon" time="0.130" /><testcase classname="backend.tests.test_coupon_auto_apply.TestAdminCouponManagement" name="test_get_all_coupons_shows_auto_apply_flag" time="0.063" /><testcase classname="backend.tests.test_coupon_auto_apply.TestAdminCouponManagement" name="test_update_coupon_auto_apply_flag" time="0.178" /><testcase classname="backend.tests.test_coupon_auto_apply.TestAdminCouponManagement" name="test_coupon_details_shows_auto_manual_breakdown" time="0.172" /><testcase classname="backend.tests.test_coupon_auto_apply.TestFestive10Coupon" name="test_festive10_exists_and_is_auto_apply" time="0.053" /><testcase classname="backend.tests.test_coupon_auto_apply.TestFestive10Coupon" name="test_festive10_discount_calculation" time="0.078" /><testcase classname="backend.tests.test_coupon_auto_apply.TestFestive10Coupon" name="test_festive10_max_discount_cap" time="0.071" /><testcase classname="backend.tests.test_coupon_auto_apply.TestCouponNoStacking" name="test_only_one_coupon_can_be_applied" time="1.126" /><testcase classname="backend.tests.test_coupon_auto_apply.TestErrorHandling" name="test_validate_without_auth" time="0.161" /><testcase classname="backend.tests.test_coupon_auto_apply.TestErrorHandling" name="test_admin_create_without_auth" time="0.104" /><testcase classname="backend.tests.test_coupon_auto_apply.TestErrorHandling" name="test_user_cannot_access_admin_endpoints" time="0.065" /></testsuite></testsuites>