<?xml version="1.0" encoding="utf-8"?><testsuites name="pytest tests"><testsuite name="pytest" errors="0" failures="1" skipped="0" tests="22" time="3.409" timestamp="2026-02-14T16:30:20.934825+00:00" hostname="agent-env-19876ac0-cf11-4f38-b19a-97331053508a"><testcase classname="backend.tests.test_coupon_auto_apply.TestAutoApplyCouponEndpoint" name="test_auto_apply_endpoint_returns_best_coupon" time="0.590" /><testcase classname="backend.tests.test_coupon_auto_apply.TestAutoApplyCouponEndpoint" name="test_auto_apply_with_low_subtotal" time="0.068" /><testcase classname="backend.tests.test_coupon_auto_apply.TestAutoApplyCouponEndpoint" name="test_auto_apply_with_zero_subtotal" time="0.059" /><testcase classname="backend.tests.test_coupon_auto_apply.TestAutoApplyCouponEndpoint" name="test_auto_apply_with_negative_subtotal" time="0.071" /><testcase classname="backend.tests.test_coupon_auto_apply.TestAutoApplyCouponEndpoint" name="test_auto_apply_requires_auth" time="0.184" /><testcase classname="backend.tests.test_coupon_auto_apply.TestManualCouponValidation" name="test_validate_existing_auto_coupon_manually" time="0.058" /><testcase classname="backend.tests.test_coupon_auto_apply.TestManualCouponValidation" name="test_validate_invalid_coupon_code" time="0.054" /><testcase classname="backend.tests.test_coupon_auto_apply.TestManualCouponValidation" name="test_validate_coupon_below_minimum" time="0.059" /><testcase classname="backend.tests.test_coupon_auto_apply.TestPricingOrder" name="test_gst_calculated_on_discounted_subtotal" time="0.442" /><testcase classname="backend.tests.test_coupon_auto_apply.TestPricingOrder" name="test_shipping_tier_based_on_discounted_subtotal" time="0.181" /><testcase classname="backend.tests.test_coupon_auto_apply.TestAdminCouponManagement" name="test_create_coupon_with_auto_apply" time="0.217" /><testcase classname="backend.tests.test_coupon_auto_apply.TestAdminCouponManagement" name="test_create_manual_coupon" time="0.192" /><testcase classname="backend.tests.test_coupon_auto_apply.TestAdminCouponManagement" name="test_get_all_coupons_shows_auto_apply_flag" time="0.061"><failure message="AssertionError: assert 'auto_apply' in {'auto_uses': 0, 'code': 'FLAT100', 'coupon_id': 'coupon_8830d14c02a0', 'coupon_type': 'fixed', ...}">backend/tests/test_coupon_auto_apply.py:329: in test_get_all_coupons_shows_auto_apply_flag
    assert "auto_apply" in coupon
E   AssertionError: assert 'auto_apply' in {'auto_uses': 0, 'code': 'FLAT100', 'coupon_id': 'coupon_8830d14c02a0', 'coupon_type': 'fixed', ...}</failure></testcase><testcase classname="backend.tests.test_coupon_auto_apply.TestAdminCouponManagement" name="test_update_coupon_auto_apply_flag" time="0.202" /><testcase classname="backend.tests.test_coupon_auto_apply.TestAdminCouponManagement" name="test_coupon_details_shows_auto_manual_breakdown" time="0.125" /><testcase classname="backend.tests.test_coupon_auto_apply.TestFestive10Coupon" name="test_festive10_exists_and_is_auto_apply" time="0.086" /><testcase classname="backend.tests.test_coupon_auto_apply.TestFestive10Coupon" name="test_festive10_discount_calculation" time="0.057" /><testcase classname="backend.tests.test_coupon_auto_apply.TestFestive10Coupon" name="test_festive10_max_discount_cap" time="0.083" /><testcase classname="backend.tests.test_coupon_auto_apply.TestCouponNoStacking" name="test_only_one_coupon_can_be_applied" time="0.218" /><testcase classname="backend.tests.test_coupon_auto_apply.TestErrorHandling" name="test_validate_without_auth" time="0.121" /><testcase classname="backend.tests.test_coupon_auto_apply.TestErrorHandling" name="test_admin_create_without_auth" time="0.134" /><testcase classname="backend.tests.test_coupon_auto_apply.TestErrorHandling" name="test_user_cannot_access_admin_endpoints" time="0.070" /></testsuite></testsuites>