<?xml version="1.0" encoding="utf-8"?><testsuites name="pytest tests"><testsuite name="pytest" errors="0" failures="0" skipped="0" tests="18" time="2.479" timestamp="2026-02-15T04:58:35.379189+00:00" hostname="agent-env-093f54fd-8c4a-4c6d-b637-f8e2a56f95dd"><testcase classname="tests.test_customer_management.TestCustomerManagement" name="test_get_customers_list_success" time="0.520" /><testcase classname="tests.test_customer_management.TestCustomerManagement" name="test_get_customers_pagination" time="0.056" /><testcase classname="tests.test_customer_management.TestCustomerManagement" name="test_search_by_name" time="0.126" /><testcase classname="tests.test_customer_management.TestCustomerManagement" name="test_search_by_email" time="0.058" /><testcase classname="tests.test_customer_management.TestCustomerManagement" name="test_filter_by_status_active" time="0.054" /><testcase classname="tests.test_customer_management.TestCustomerManagement" name="test_filter_by_status_inactive" time="0.057" /><testcase classname="tests.test_customer_management.TestCustomerManagement" name="test_filter_by_date_range" time="0.058" /><testcase classname="tests.test_customer_management.TestCustomerManagement" name="test_get_customer_detail_success" time="0.106" /><testcase classname="tests.test_customer_management.TestCustomerManagement" name="test_get_customer_detail_not_found" time="0.053" /><testcase classname="tests.test_customer_management.TestCustomerManagement" name="test_toggle_customer_status" time="0.216" /><testcase classname="tests.test_customer_management.TestCustomerManagement" name="test_toggle_status_invalid_customer" time="0.054" /><testcase classname="tests.test_customer_management.TestCustomerManagement" name="test_export_csv" time="0.053" /><testcase classname="tests.test_customer_management.TestCustomerManagement" name="test_export_csv_with_filters" time="0.051" /><testcase classname="tests.test_customer_management.TestCustomerManagement" name="test_export_excel" time="0.487" /><testcase classname="tests.test_customer_management.TestCustomerManagement" name="test_get_customers_without_auth" time="0.122" /><testcase classname="tests.test_customer_management.TestCustomerManagement" name="test_get_customers_as_non_admin" time="0.105" /><testcase classname="tests.test_customer_management.TestCustomerManagement" name="test_invalid_pagination_params" time="0.181" /><testcase classname="tests.test_customer_management.TestCustomerManagement" name="test_empty_search_results" time="0.071" /></testsuite></testsuites>