<?xml version="1.0" encoding="utf-8"?><testsuites name="pytest tests"><testsuite name="pytest" errors="0" failures="11" skipped="0" tests="16" time="2.862" timestamp="2026-02-14T12:00:57.509881+00:00" hostname="agent-env-df13427f-0cb9-4315-a977-fd9fb34b100d"><testcase classname="backend.tests.test_checkout_flow.TestHealthAndPublicEndpoints" name="test_api_health" time="0.219" /><testcase classname="backend.tests.test_checkout_flow.TestHealthAndPublicEndpoints" name="test_get_products" time="0.054" /><testcase classname="backend.tests.test_checkout_flow.TestHealthAndPublicEndpoints" name="test_pincode_validation_success" time="0.057" /><testcase classname="backend.tests.test_checkout_flow.TestHealthAndPublicEndpoints" name="test_pincode_validation_failure" time="0.056" /><testcase classname="backend.tests.test_checkout_flow.TestAuthentication" name="test_login_with_valid_credentials" time="0.055"><failure message="AssertionError: Login failed: {&quot;error&quot;:&quot;Rate limit exceeded: 5 per 15 minute&quot;}&#10;assert 429 == 200&#10; +  where 429 = &lt;Response [429]&gt;.status_code">backend/tests/test_checkout_flow.py:76: in test_login_with_valid_credentials
    assert response.status_code == 200, f"Login failed: {response.text}"
E   AssertionError: Login failed: {"error":"Rate limit exceeded: 5 per 15 minute"}
E   assert 429 == 200
E    +  where 429 = &lt;Response [429]&gt;.status_code</failure></testcase><testcase classname="backend.tests.test_checkout_flow.TestAuthentication" name="test_login_with_invalid_credentials" time="0.360" /><testcase classname="backend.tests.test_checkout_flow.TestAuthentication" name="test_get_current_user" time="0.059"><failure message="AssertionError: Login failed: {&quot;error&quot;:&quot;Rate limit exceeded: 5 per 15 minute&quot;}&#10;assert 429 == 200&#10; +  where 429 = &lt;Response [429]&gt;.status_code">backend/tests/test_checkout_flow.py:106: in test_get_current_user
    assert login_response.status_code == 200, f"Login failed: {login_response.text}"
E   AssertionError: Login failed: {"error":"Rate limit exceeded: 5 per 15 minute"}
E   assert 429 == 200
E    +  where 429 = &lt;Response [429]&gt;.status_code</failure></testcase><testcase classname="backend.tests.test_checkout_flow.TestCartOperations" name="test_get_cart" time="0.110"><failure message="AssertionError: Get cart failed: {&quot;detail&quot;:&quot;Not authenticated&quot;}&#10;assert 401 == 200&#10; +  where 401 = &lt;Response [401]&gt;.status_code">backend/tests/test_checkout_flow.py:140: in test_get_cart
    assert response.status_code == 200, f"Get cart failed: {response.text}"
E   AssertionError: Get cart failed: {"detail":"Not authenticated"}
E   assert 401 == 200
E    +  where 401 = &lt;Response [401]&gt;.status_code</failure></testcase><testcase classname="backend.tests.test_checkout_flow.TestCartOperations" name="test_add_to_cart" time="0.168"><failure message="AssertionError: Add to cart failed: {&quot;detail&quot;:&quot;Not authenticated&quot;}&#10;assert 401 == 200&#10; +  where 401 = &lt;Response [401]&gt;.status_code">backend/tests/test_checkout_flow.py:160: in test_add_to_cart
    assert response.status_code == 200, f"Add to cart failed: {response.text}"
E   AssertionError: Add to cart failed: {"detail":"Not authenticated"}
E   assert 401 == 200
E    +  where 401 = &lt;Response [401]&gt;.status_code</failure></testcase><testcase classname="backend.tests.test_checkout_flow.TestCartOperations" name="test_update_cart_quantity" time="0.450"><failure message="AssertionError: Update cart failed: {&quot;detail&quot;:&quot;Not authenticated&quot;}&#10;assert 401 == 200&#10; +  where 401 = &lt;Response [401]&gt;.status_code">backend/tests/test_checkout_flow.py:194: in test_update_cart_quantity
    assert response.status_code == 200, f"Update cart failed: {response.text}"
E   AssertionError: Update cart failed: {"detail":"Not authenticated"}
E   assert 401 == 200
E    +  where 401 = &lt;Response [401]&gt;.status_code</failure></testcase><testcase classname="backend.tests.test_checkout_flow.TestCartOperations" name="test_get_cart_count" time="0.103"><failure message="AssertionError: Get cart count failed: {&quot;detail&quot;:&quot;Not authenticated&quot;}&#10;assert 401 == 200&#10; +  where 401 = &lt;Response [401]&gt;.status_code">backend/tests/test_checkout_flow.py:208: in test_get_cart_count
    assert response.status_code == 200, f"Get cart count failed: {response.text}"
E   AssertionError: Get cart count failed: {"detail":"Not authenticated"}
E   assert 401 == 200
E    +  where 401 = &lt;Response [401]&gt;.status_code</failure></testcase><testcase classname="backend.tests.test_checkout_flow.TestCartOperations" name="test_remove_from_cart" time="0.265"><failure message="AssertionError: Remove from cart failed: {&quot;detail&quot;:&quot;Not authenticated&quot;}&#10;assert 401 == 200&#10; +  where 401 = &lt;Response [401]&gt;.status_code">backend/tests/test_checkout_flow.py:234: in test_remove_from_cart
    assert response.status_code == 200, f"Remove from cart failed: {response.text}"
E   AssertionError: Remove from cart failed: {"detail":"Not authenticated"}
E   assert 401 == 200
E    +  where 401 = &lt;Response [401]&gt;.status_code</failure></testcase><testcase classname="backend.tests.test_checkout_flow.TestCheckoutFlow" name="test_full_checkout_flow_with_cod" time="0.394"><failure message="AssertionError: Add to cart failed: {&quot;detail&quot;:&quot;Not authenticated&quot;}&#10;assert 401 == 200&#10; +  where 401 = &lt;Response [401]&gt;.status_code">backend/tests/test_checkout_flow.py:286: in test_full_checkout_flow_with_cod
    assert add_response.status_code == 200, f"Add to cart failed: {add_response.text}"
E   AssertionError: Add to cart failed: {"detail":"Not authenticated"}
E   assert 401 == 200
E    +  where 401 = &lt;Response [401]&gt;.status_code</failure></testcase><testcase classname="backend.tests.test_checkout_flow.TestCheckoutFlow" name="test_razorpay_mock_order_creation" time="0.122"><failure message="AssertionError: Create Razorpay order failed: {&quot;detail&quot;:&quot;Not authenticated&quot;}&#10;assert 401 == 200&#10; +  where 401 = &lt;Response [401]&gt;.status_code">backend/tests/test_checkout_flow.py:353: in test_razorpay_mock_order_creation
    assert response.status_code == 200, f"Create Razorpay order failed: {response.text}"
E   AssertionError: Create Razorpay order failed: {"detail":"Not authenticated"}
E   assert 401 == 200
E    +  where 401 = &lt;Response [401]&gt;.status_code</failure></testcase><testcase classname="backend.tests.test_checkout_flow.TestOrderManagement" name="test_get_my_orders" time="0.190"><failure message="AssertionError: Get my orders failed: {&quot;detail&quot;:&quot;Not authenticated&quot;}&#10;assert 401 == 200&#10; +  where 401 = &lt;Response [401]&gt;.status_code">backend/tests/test_checkout_flow.py:377: in test_get_my_orders
    assert response.status_code == 200, f"Get my orders failed: {response.text}"
E   AssertionError: Get my orders failed: {"detail":"Not authenticated"}
E   assert 401 == 200
E    +  where 401 = &lt;Response [401]&gt;.status_code</failure></testcase><testcase classname="backend.tests.test_checkout_flow.TestGSTSettings" name="test_get_gst" time="0.106"><failure message="AssertionError: Get GST failed: {&quot;detail&quot;:&quot;Not authenticated&quot;}&#10;assert 401 == 200&#10; +  where 401 = &lt;Response [401]&gt;.status_code">backend/tests/test_checkout_flow.py:400: in test_get_gst
    assert response.status_code == 200, f"Get GST failed: {response.text}"
E   AssertionError: Get GST failed: {"detail":"Not authenticated"}
E   assert 401 == 200
E    +  where 401 = &lt;Response [401]&gt;.status_code</failure></testcase></testsuite></testsuites>