<?xml version="1.0" encoding="utf-8"?><testsuites name="pytest tests"><testsuite name="pytest" errors="0" failures="0" skipped="16" tests="16" time="0.304" timestamp="2026-02-14T11:59:48.128793+00:00" hostname="agent-env-df13427f-0cb9-4315-a977-fd9fb34b100d"><testcase classname="backend.tests.test_checkout_flow.TestHealthAndPublicEndpoints" name="test_api_health" time="0.265"><skipped type="pytest.skip" message="Login failed with status 401: {&quot;detail&quot;:&quot;Invalid email or password&quot;}">/app/backend/tests/test_checkout_flow.py:15: Login failed with status 401: {"detail":"Invalid email or password"}</skipped></testcase><testcase classname="backend.tests.test_checkout_flow.TestHealthAndPublicEndpoints" name="test_get_products" time="0.000"><skipped type="pytest.skip" message="Login failed with status 401: {&quot;detail&quot;:&quot;Invalid email or password&quot;}">/app/backend/tests/test_checkout_flow.py:23: Login failed with status 401: {"detail":"Invalid email or password"}</skipped></testcase><testcase classname="backend.tests.test_checkout_flow.TestHealthAndPublicEndpoints" name="test_pincode_validation_success" time="0.000"><skipped type="pytest.skip" message="Login failed with status 401: {&quot;detail&quot;:&quot;Invalid email or password&quot;}">/app/backend/tests/test_checkout_flow.py:32: Login failed with status 401: {"detail":"Invalid email or password"}</skipped></testcase><testcase classname="backend.tests.test_checkout_flow.TestHealthAndPublicEndpoints" name="test_pincode_validation_failure" time="0.000"><skipped type="pytest.skip" message="Login failed with status 401: {&quot;detail&quot;:&quot;Invalid email or password&quot;}">/app/backend/tests/test_checkout_flow.py:45: Login failed with status 401: {"detail":"Invalid email or password"}</skipped></testcase><testcase classname="backend.tests.test_checkout_flow.TestAuthentication" name="test_login_with_valid_credentials" time="0.000"><skipped type="pytest.skip" message="Login failed with status 401: {&quot;detail&quot;:&quot;Invalid email or password&quot;}">/app/backend/tests/test_checkout_flow.py:58: Login failed with status 401: {"detail":"Invalid email or password"}</skipped></testcase><testcase classname="backend.tests.test_checkout_flow.TestAuthentication" name="test_login_with_invalid_credentials" time="0.000"><skipped type="pytest.skip" message="Login failed with status 401: {&quot;detail&quot;:&quot;Invalid email or password&quot;}">/app/backend/tests/test_checkout_flow.py:70: Login failed with status 401: {"detail":"Invalid email or password"}</skipped></testcase><testcase classname="backend.tests.test_checkout_flow.TestAuthentication" name="test_get_current_user" time="0.000"><skipped type="pytest.skip" message="Login failed with status 401: {&quot;detail&quot;:&quot;Invalid email or password&quot;}">/app/backend/tests/test_checkout_flow.py:82: Login failed with status 401: {"detail":"Invalid email or password"}</skipped></testcase><testcase classname="backend.tests.test_checkout_flow.TestCartOperations" name="test_get_cart" time="0.000"><skipped type="pytest.skip" message="Login failed with status 401: {&quot;detail&quot;:&quot;Invalid email or password&quot;}">/app/backend/tests/test_checkout_flow.py:95: Login failed with status 401: {"detail":"Invalid email or password"}</skipped></testcase><testcase classname="backend.tests.test_checkout_flow.TestCartOperations" name="test_add_to_cart" time="0.000"><skipped type="pytest.skip" message="Login failed with status 401: {&quot;detail&quot;:&quot;Invalid email or password&quot;}">/app/backend/tests/test_checkout_flow.py:103: Login failed with status 401: {"detail":"Invalid email or password"}</skipped></testcase><testcase classname="backend.tests.test_checkout_flow.TestCartOperations" name="test_update_cart_quantity" time="0.000"><skipped type="pytest.skip" message="Login failed with status 401: {&quot;detail&quot;:&quot;Invalid email or password&quot;}">/app/backend/tests/test_checkout_flow.py:128: Login failed with status 401: {"detail":"Invalid email or password"}</skipped></testcase><testcase classname="backend.tests.test_checkout_flow.TestCartOperations" name="test_get_cart_count" time="0.000"><skipped type="pytest.skip" message="Login failed with status 401: {&quot;detail&quot;:&quot;Invalid email or password&quot;}">/app/backend/tests/test_checkout_flow.py:159: Login failed with status 401: {"detail":"Invalid email or password"}</skipped></testcase><testcase classname="backend.tests.test_checkout_flow.TestCartOperations" name="test_remove_from_cart" time="0.000"><skipped type="pytest.skip" message="Login failed with status 401: {&quot;detail&quot;:&quot;Invalid email or password&quot;}">/app/backend/tests/test_checkout_flow.py:167: Login failed with status 401: {"detail":"Invalid email or password"}</skipped></testcase><testcase classname="backend.tests.test_checkout_flow.TestCheckoutFlow" name="test_full_checkout_flow_with_cod" time="0.000"><skipped type="pytest.skip" message="Login failed with status 401: {&quot;detail&quot;:&quot;Invalid email or password&quot;}">/app/backend/tests/test_checkout_flow.py:200: Login failed with status 401: {"detail":"Invalid email or password"}</skipped></testcase><testcase classname="backend.tests.test_checkout_flow.TestCheckoutFlow" name="test_razorpay_mock_order_creation" time="0.000"><skipped type="pytest.skip" message="Login failed with status 401: {&quot;detail&quot;:&quot;Invalid email or password&quot;}">/app/backend/tests/test_checkout_flow.py:281: Login failed with status 401: {"detail":"Invalid email or password"}</skipped></testcase><testcase classname="backend.tests.test_checkout_flow.TestOrderManagement" name="test_get_my_orders" time="0.000"><skipped type="pytest.skip" message="Login failed with status 401: {&quot;detail&quot;:&quot;Invalid email or password&quot;}">/app/backend/tests/test_checkout_flow.py:297: Login failed with status 401: {"detail":"Invalid email or password"}</skipped></testcase><testcase classname="backend.tests.test_checkout_flow.TestGSTSettings" name="test_get_gst" time="0.000"><skipped type="pytest.skip" message="Login failed with status 401: {&quot;detail&quot;:&quot;Invalid email or password&quot;}">/app/backend/tests/test_checkout_flow.py:309: Login failed with status 401: {"detail":"Invalid email or password"}</skipped></testcase></testsuite></testsuites>