<?xml version="1.0" encoding="utf-8"?><testsuites name="pytest tests"><testsuite name="pytest" errors="0" failures="0" skipped="0" tests="15" time="3.225" timestamp="2026-02-14T12:03:13.241159+00:00" hostname="agent-env-df13427f-0cb9-4315-a977-fd9fb34b100d"><testcase classname="backend.tests.test_checkout_flow.TestHealthAndPublicEndpoints" name="test_api_health" time="0.322" /><testcase classname="backend.tests.test_checkout_flow.TestHealthAndPublicEndpoints" name="test_get_products" time="0.137" /><testcase classname="backend.tests.test_checkout_flow.TestHealthAndPublicEndpoints" name="test_pincode_validation_success" time="0.117" /><testcase classname="backend.tests.test_checkout_flow.TestHealthAndPublicEndpoints" name="test_pincode_validation_failure" time="0.107" /><testcase classname="backend.tests.test_checkout_flow.TestAuthentication" name="test_get_current_user" time="0.122" /><testcase classname="backend.tests.test_checkout_flow.TestAuthentication" name="test_unauthenticated_access_denied" time="0.110" /><testcase classname="backend.tests.test_checkout_flow.TestCartOperations" name="test_get_cart" time="0.104" /><testcase classname="backend.tests.test_checkout_flow.TestCartOperations" name="test_add_to_cart" time="0.275" /><testcase classname="backend.tests.test_checkout_flow.TestCartOperations" name="test_update_cart_quantity" time="0.316" /><testcase classname="backend.tests.test_checkout_flow.TestCartOperations" name="test_get_cart_count" time="0.110" /><testcase classname="backend.tests.test_checkout_flow.TestCartOperations" name="test_remove_from_cart" time="0.574" /><testcase classname="backend.tests.test_checkout_flow.TestCheckoutFlow" name="test_full_checkout_flow_with_cod" time="0.508" /><testcase classname="backend.tests.test_checkout_flow.TestCheckoutFlow" name="test_razorpay_mock_order_creation" time="0.123" /><testcase classname="backend.tests.test_checkout_flow.TestOrderManagement" name="test_get_my_orders" time="0.133" /><testcase classname="backend.tests.test_checkout_flow.TestGSTSettings" name="test_get_gst_requires_auth" time="0.117" /></testsuite></testsuites>