<?xml version="1.0" encoding="utf-8"?><testsuites name="pytest tests"><testsuite name="pytest" errors="0" failures="0" skipped="0" tests="12" time="2.147" timestamp="2026-02-14T19:48:33.806797+00:00" hostname="agent-env-cd80b024-9767-4543-b5e3-e39c52c9c29c"><testcase classname="backend.tests.test_recommendations.TestProductRecommendations" name="test_recommendations_returns_four_products" time="0.334" /><testcase classname="backend.tests.test_recommendations.TestProductRecommendations" name="test_recommendations_respects_limit_parameter" time="0.128" /><testcase classname="backend.tests.test_recommendations.TestProductRecommendations" name="test_recommendations_excludes_current_product" time="0.134" /><testcase classname="backend.tests.test_recommendations.TestProductRecommendations" name="test_recommendations_prioritizes_same_category" time="0.246" /><testcase classname="backend.tests.test_recommendations.TestProductRecommendations" name="test_recommendations_includes_best_sellers_from_other_categories" time="0.310" /><testcase classname="backend.tests.test_recommendations.TestProductRecommendations" name="test_recommendations_only_includes_in_stock_products" time="0.113" /><testcase classname="backend.tests.test_recommendations.TestProductRecommendations" name="test_recommendations_has_correct_product_structure" time="0.143" /><testcase classname="backend.tests.test_recommendations.TestProductRecommendations" name="test_recommendations_sorted_by_sales_count" time="0.161" /><testcase classname="backend.tests.test_recommendations.TestProductRecommendations" name="test_recommendations_for_invalid_product_returns_404" time="0.152" /><testcase classname="backend.tests.test_recommendations.TestProductRecommendations" name="test_recommendations_for_pants_category" time="0.146" /><testcase classname="backend.tests.test_recommendations.TestProductRecommendations" name="test_recommendations_for_hoodie_category" time="0.122" /><testcase classname="backend.tests.test_recommendations.TestProductRecommendations" name="test_recommendations_no_duplicates" time="0.125" /></testsuite></testsuites>