<?xml version="1.0" encoding="utf-8"?><testsuites name="pytest tests"><testsuite name="pytest" errors="0" failures="0" skipped="0" tests="15" time="3.944" timestamp="2026-02-14T14:08:03.616865+00:00" hostname="agent-env-985b75e2-2b13-4350-bb23-748c79f04c7a"><testcase classname="backend.tests.test_return_flow.TestReturnEligibilityAPI" name="test_check_eligibility_delivered_order_with_return_already" time="0.577" /><testcase classname="backend.tests.test_return_flow.TestReturnEligibilityAPI" name="test_check_eligibility_nonexistent_order" time="0.054" /><testcase classname="backend.tests.test_return_flow.TestReturnEligibilityAPI" name="test_check_eligibility_unauthenticated" time="0.119" /><testcase classname="backend.tests.test_return_flow.TestReturnRequestCreationAPI" name="test_create_return_request_without_items" time="0.549" /><testcase classname="backend.tests.test_return_flow.TestReturnRequestCreationAPI" name="test_create_return_request_without_reason" time="0.058" /><testcase classname="backend.tests.test_return_flow.TestReturnRequestCreationAPI" name="test_create_return_request_nonexistent_order" time="0.062" /><testcase classname="backend.tests.test_return_flow.TestReturnRequestCreationAPI" name="test_create_return_request_unauthenticated" time="0.131" /><testcase classname="backend.tests.test_return_flow.TestGetMyReturnRequests" name="test_get_my_return_requests" time="0.439" /><testcase classname="backend.tests.test_return_flow.TestOrdersWithReturnFlow" name="test_get_orders_list" time="0.410" /><testcase classname="backend.tests.test_return_flow.TestOrdersWithReturnFlow" name="test_check_eligibility_for_confirmed_orders" time="0.129" /><testcase classname="backend.tests.test_return_flow.TestReturnRequestValidation" name="test_return_request_valid_reasons" time="0.346" /><testcase classname="backend.tests.test_return_flow.TestReturnRequestValidation" name="test_return_request_with_images" time="0.055" /><testcase classname="backend.tests.test_return_flow.TestAdminReturnEndpoints" name="test_admin_get_all_returns" time="0.379" /><testcase classname="backend.tests.test_return_flow.TestAdminReturnEndpoints" name="test_admin_filter_returns_by_status" time="0.057" /><testcase classname="backend.tests.test_return_flow.TestAdminReturnEndpoints" name="test_regular_user_cannot_access_admin_returns" time="0.535" /></testsuite></testsuites>