<?xml version="1.0" encoding="utf-8"?><testsuites name="pytest tests"><testsuite name="pytest" errors="0" failures="2" skipped="0" tests="23" time="8.936" timestamp="2026-02-14T16:04:42.772771+00:00" hostname="agent-env-19876ac0-cf11-4f38-b19a-97331053508a"><testcase classname="tests.test_shipping_tiers.TestShippingTierCalculation" name="test_calculate_shipping_low_subtotal" time="0.208" /><testcase classname="tests.test_shipping_tiers.TestShippingTierCalculation" name="test_calculate_shipping_medium_subtotal" time="0.157" /><testcase classname="tests.test_shipping_tiers.TestShippingTierCalculation" name="test_calculate_shipping_high_subtotal" time="0.111" /><testcase classname="tests.test_shipping_tiers.TestShippingTierCalculation" name="test_calculate_shipping_boundary_499" time="0.116" /><testcase classname="tests.test_shipping_tiers.TestShippingTierCalculation" name="test_calculate_shipping_boundary_500" time="0.131" /><testcase classname="tests.test_shipping_tiers.TestShippingTierCalculation" name="test_calculate_shipping_boundary_999" time="0.123" /><testcase classname="tests.test_shipping_tiers.TestShippingTierCalculation" name="test_calculate_shipping_boundary_1000" time="0.133" /><testcase classname="tests.test_shipping_tiers.TestShippingTierCalculation" name="test_calculate_shipping_zero" time="0.117" /><testcase classname="tests.test_shipping_tiers.TestShippingTierCalculation" name="test_calculate_shipping_negative_fails" time="0.228" /><testcase classname="tests.test_shipping_tiers.TestShippingTierPublicList" name="test_get_active_tiers" time="0.146" /><testcase classname="tests.test_shipping_tiers.TestShippingTierAdminCRUD" name="test_admin_get_all_tiers" time="0.552" /><testcase classname="tests.test_shipping_tiers.TestShippingTierAdminCRUD" name="test_admin_create_tier" time="0.618" /><testcase classname="tests.test_shipping_tiers.TestShippingTierAdminCRUD" name="test_admin_create_tier_validation" time="0.616" /><testcase classname="tests.test_shipping_tiers.TestShippingTierAdminCRUD" name="test_admin_update_tier" time="0.702" /><testcase classname="tests.test_shipping_tiers.TestShippingTierAdminCRUD" name="test_admin_toggle_tier" time="0.582"><failure message="assert 400 == 200&#10; +  where 400 = &lt;Response [400]&gt;.status_code">tests/test_shipping_tiers.py:264: in test_admin_toggle_tier
    assert toggle_response.status_code == 200
E   assert 400 == 200
E    +  where 400 = &lt;Response [400]&gt;.status_code</failure></testcase><testcase classname="tests.test_shipping_tiers.TestShippingTierAdminCRUD" name="test_admin_delete_tier" time="1.565" /><testcase classname="tests.test_shipping_tiers.TestShippingTierAdminCRUD" name="test_admin_delete_nonexistent_tier" time="0.531" /><testcase classname="tests.test_shipping_tiers.TestShippingTierOverlapPrevention" name="test_create_overlapping_tier_rejected" time="0.473" /><testcase classname="tests.test_shipping_tiers.TestShippingTierOverlapPrevention" name="test_inactive_tier_no_overlap_check" time="0.289"><failure message="assert 401 == 200&#10; +  where 401 = &lt;Response [401]&gt;.status_code">tests/test_shipping_tiers.py:370: in test_inactive_tier_no_overlap_check
    assert response.status_code == 200
E   assert 401 == 200
E    +  where 401 = &lt;Response [401]&gt;.status_code</failure></testcase><testcase classname="tests.test_shipping_tiers.TestShippingTierUnauthorized" name="test_create_without_auth" time="0.124" /><testcase classname="tests.test_shipping_tiers.TestShippingTierUnauthorized" name="test_admin_list_without_auth" time="0.116" /><testcase classname="tests.test_shipping_tiers.TestShippingTierUnauthorized" name="test_regular_user_cannot_access_admin" time="0.512" /><testcase classname="tests.test_shipping_tiers.TestOrderWithShippingTier" name="test_order_shipping_calculation_displayed" time="0.706" /></testsuite></testsuites>