<?xml version="1.0" encoding="utf-8"?><testsuites name="pytest tests"><testsuite name="pytest" errors="1" failures="0" skipped="0" tests="23" time="9.719" timestamp="2026-02-14T16:05:47.961607+00:00" hostname="agent-env-19876ac0-cf11-4f38-b19a-97331053508a"><testcase classname="tests.test_shipping_tiers.TestShippingTierCalculation" name="test_calculate_shipping_low_subtotal" time="0.218" /><testcase classname="tests.test_shipping_tiers.TestShippingTierCalculation" name="test_calculate_shipping_medium_subtotal" time="0.227" /><testcase classname="tests.test_shipping_tiers.TestShippingTierCalculation" name="test_calculate_shipping_high_subtotal" time="0.112" /><testcase classname="tests.test_shipping_tiers.TestShippingTierCalculation" name="test_calculate_shipping_boundary_499" time="0.107" /><testcase classname="tests.test_shipping_tiers.TestShippingTierCalculation" name="test_calculate_shipping_boundary_500" time="0.112" /><testcase classname="tests.test_shipping_tiers.TestShippingTierCalculation" name="test_calculate_shipping_boundary_999" time="0.173" /><testcase classname="tests.test_shipping_tiers.TestShippingTierCalculation" name="test_calculate_shipping_boundary_1000" time="0.103" /><testcase classname="tests.test_shipping_tiers.TestShippingTierCalculation" name="test_calculate_shipping_zero" time="0.104" /><testcase classname="tests.test_shipping_tiers.TestShippingTierCalculation" name="test_calculate_shipping_negative_fails" time="0.112" /><testcase classname="tests.test_shipping_tiers.TestShippingTierPublicList" name="test_get_active_tiers" time="0.124" /><testcase classname="tests.test_shipping_tiers.TestShippingTierAdminCRUD" name="test_admin_get_all_tiers" time="0.440" /><testcase classname="tests.test_shipping_tiers.TestShippingTierAdminCRUD" name="test_admin_create_tier" time="0.603" /><testcase classname="tests.test_shipping_tiers.TestShippingTierAdminCRUD" name="test_admin_create_tier_validation" time="0.609" /><testcase classname="tests.test_shipping_tiers.TestShippingTierAdminCRUD" name="test_admin_update_tier" time="1.613" /><testcase classname="tests.test_shipping_tiers.TestShippingTierAdminCRUD" name="test_admin_toggle_tier" time="1.336" /><testcase classname="tests.test_shipping_tiers.TestShippingTierAdminCRUD" name="test_admin_delete_tier" time="0.775" /><testcase classname="tests.test_shipping_tiers.TestShippingTierAdminCRUD" name="test_admin_delete_nonexistent_tier" time="0.440" /><testcase classname="tests.test_shipping_tiers.TestShippingTierOverlapPrevention" name="test_create_overlapping_tier_rejected" time="0.468" /><testcase classname="tests.test_shipping_tiers.TestShippingTierOverlapPrevention" name="test_inactive_tier_no_overlap_check" time="0.109"><error message="failed on setup with &quot;AssertionError: Admin login failed: {&quot;error&quot;:&quot;Rate limit exceeded: 5 per 15 minute&quot;}&#10;assert 429 == 200&#10; +  where 429 = &lt;Response [429]&gt;.status_code&quot;">tests/test_shipping_tiers.py:368: in setup
    assert login_response.status_code == 200, f"Admin login failed: {login_response.text}"
E   AssertionError: Admin login failed: {"error":"Rate limit exceeded: 5 per 15 minute"}
E   assert 429 == 200
E    +  where 429 = &lt;Response [429]&gt;.status_code</error></testcase><testcase classname="tests.test_shipping_tiers.TestShippingTierUnauthorized" name="test_create_without_auth" time="0.101" /><testcase classname="tests.test_shipping_tiers.TestShippingTierUnauthorized" name="test_admin_list_without_auth" time="0.102" /><testcase classname="tests.test_shipping_tiers.TestShippingTierUnauthorized" name="test_regular_user_cannot_access_admin" time="0.888" /><testcase classname="tests.test_shipping_tiers.TestOrderWithShippingTier" name="test_order_shipping_calculation_displayed" time="0.798" /></testsuite></testsuites>