<?xml version="1.0" encoding="utf-8"?><testsuites name="pytest tests"><testsuite name="pytest" errors="0" failures="0" skipped="0" tests="22" time="3.990" timestamp="2026-02-14T18:55:16.415484+00:00" hostname="agent-env-e89d6cca-307a-466b-aa25-6abb8cb5e66b"><testcase classname="backend.tests.test_user_profile.TestProfileEndpoints" name="test_get_profile_authenticated" time="0.505" /><testcase classname="backend.tests.test_user_profile.TestProfileEndpoints" name="test_get_profile_unauthenticated" time="0.216" /><testcase classname="backend.tests.test_user_profile.TestProfileEndpoints" name="test_update_profile_name_valid" time="0.071" /><testcase classname="backend.tests.test_user_profile.TestProfileEndpoints" name="test_update_profile_name_short" time="0.087" /><testcase classname="backend.tests.test_user_profile.TestPhoneValidation" name="test_phone_valid_starting_6" time="0.147" /><testcase classname="backend.tests.test_user_profile.TestPhoneValidation" name="test_phone_valid_starting_7" time="0.069" /><testcase classname="backend.tests.test_user_profile.TestPhoneValidation" name="test_phone_valid_starting_8" time="0.093" /><testcase classname="backend.tests.test_user_profile.TestPhoneValidation" name="test_phone_valid_starting_9" time="0.068" /><testcase classname="backend.tests.test_user_profile.TestPhoneValidation" name="test_phone_invalid_starting_5" time="0.059" /><testcase classname="backend.tests.test_user_profile.TestPhoneValidation" name="test_phone_invalid_starting_0" time="0.051" /><testcase classname="backend.tests.test_user_profile.TestPhoneValidation" name="test_phone_invalid_too_short" time="0.073" /><testcase classname="backend.tests.test_user_profile.TestAddressEndpoints" name="test_get_addresses" time="0.057" /><testcase classname="backend.tests.test_user_profile.TestAddressEndpoints" name="test_add_address_valid" time="0.129" /><testcase classname="backend.tests.test_user_profile.TestAddressEndpoints" name="test_add_address_invalid_phone" time="0.384" /><testcase classname="backend.tests.test_user_profile.TestAddressEndpoints" name="test_add_address_invalid_pincode" time="0.071" /><testcase classname="backend.tests.test_user_profile.TestAddressEndpoints" name="test_update_address" time="0.273" /><testcase classname="backend.tests.test_user_profile.TestAddressEndpoints" name="test_delete_address" time="0.176" /><testcase classname="backend.tests.test_user_profile.TestAddressEndpoints" name="test_set_default_address" time="0.235" /><testcase classname="backend.tests.test_user_profile.TestMaxAddressesLimit" name="test_max_addresses_enforced" time="0.544" /><testcase classname="backend.tests.test_user_profile.TestAddressLabels" name="test_address_label_types[Home]" time="0.167" /><testcase classname="backend.tests.test_user_profile.TestAddressLabels" name="test_address_label_types[Work]" time="0.304" /><testcase classname="backend.tests.test_user_profile.TestAddressLabels" name="test_address_label_types[Other]" time="0.159" /></testsuite></testsuites>